{"/Users/anisderbel/Documents/apcgithubissues/App.tsx": {"path":"/Users/anisderbel/Documents/apcgithubissues/App.tsx","statementMap":{"0":{"start":{"line":1,"column":0},"end":{"line":1,"column":null}},"1":{"start":{"line":2,"column":0},"end":{"line":2,"column":null}},"2":{"start":{"line":3,"column":0},"end":{"line":3,"column":null}},"3":{"start":{"line":4,"column":0},"end":{"line":4,"column":null}},"4":{"start":{"line":5,"column":0},"end":{"line":5,"column":null}},"5":{"start":{"line":6,"column":0},"end":{"line":6,"column":null}},"6":{"start":{"line":7,"column":0},"end":{"line":7,"column":null}},"7":{"start":{"line":8,"column":0},"end":{"line":8,"column":null}},"8":{"start":{"line":9,"column":0},"end":{"line":9,"column":null}},"9":{"start":{"line":11,"column":12},"end":{"line":11,"column":null}},"10":{"start":{"line":22,"column":0},"end":{"line":22,"column":15}}},"fnMap":{"0":{"name":"App","decl":{"start":{"line":11,"column":6},"end":{"line":11,"column":9}},"loc":{"start":{"line":11,"column":12},"end":{"line":11,"column":null}}}},"branchMap":{},"s":{"0":1,"1":1,"2":1,"3":1,"4":1,"5":1,"6":1,"7":1,"8":1,"9":2,"10":1},"f":{"0":1},"b":{}}
,"/Users/anisderbel/Documents/apcgithubissues/src/theme.ts": {"path":"/Users/anisderbel/Documents/apcgithubissues/src/theme.ts","statementMap":{"0":{"start":{"line":1,"column":0},"end":{"line":1,"column":null}},"1":{"start":{"line":3,"column":0},"end":{"line":3,"column":null}},"2":{"start":{"line":4,"column":0},"end":{"line":4,"column":null}},"3":{"start":{"line":30,"column":31},"end":{"line":30,"column":null}},"4":{"start":{"line":49,"column":15},"end":{"line":49,"column":null}},"5":{"start":{"line":55,"column":30},"end":{"line":55,"column":null}},"6":{"start":{"line":62,"column":26},"end":{"line":62,"column":null}},"7":{"start":{"line":76,"column":23},"end":{"line":76,"column":null}},"8":{"start":{"line":91,"column":20},"end":{"line":91,"column":31}},"9":{"start":{"line":92,"column":20},"end":{"line":92,"column":null}},"10":{"start":{"line":94,"column":0},"end":{"line":94,"column":15}}},"fnMap":{},"branchMap":{"0":{"loc":{"start":{"line":94,"column":29},"end":{"line":94,"column":49}},"type":"cond-expr","locations":[{"start":{"line":94,"column":29},"end":{"line":94,"column":49}},{"start":{"line":94,"column":49},"end":{"line":94,"column":null}}]}},"s":{"0":6,"1":6,"2":6,"3":6,"4":6,"5":6,"6":6,"7":6,"8":6,"9":6,"10":6},"f":{},"b":{"0":[0,6]}}
,"/Users/anisderbel/Documents/apcgithubissues/src/validate.ts": {"path":"/Users/anisderbel/Documents/apcgithubissues/src/validate.ts","statementMap":{"0":{"start":{"line":3,"column":24},"end":{"line":15,"column":null}},"1":{"start":{"line":4,"column":16},"end":{"line":4,"column":null}},"2":{"start":{"line":8,"column":2},"end":{"line":10,"column":null}},"3":{"start":{"line":9,"column":4},"end":{"line":9,"column":9}},"4":{"start":{"line":11,"column":2},"end":{"line":13,"column":null}},"5":{"start":{"line":12,"column":4},"end":{"line":12,"column":9}},"6":{"start":{"line":14,"column":2},"end":{"line":14,"column":9}},"7":{"start":{"line":3,"column":13},"end":{"line":3,"column":21}}},"fnMap":{"0":{"name":"validate","decl":{"start":{"line":3,"column":13},"end":{"line":3,"column":21}},"loc":{"start":{"line":3,"column":47},"end":{"line":15,"column":null}}}},"branchMap":{"0":{"loc":{"start":{"line":8,"column":2},"end":{"line":10,"column":null}},"type":"if","locations":[{"start":{"line":8,"column":2},"end":{"line":10,"column":null}},{"start":{"line":8,"column":2},"end":{"line":10,"column":null}}]},"1":{"loc":{"start":{"line":8,"column":6},"end":{"line":8,"column":43}},"type":"binary-expr","locations":[{"start":{"line":8,"column":6},"end":{"line":8,"column":43}},{"start":{"line":8,"column":43},"end":{"line":8,"column":71}}]},"2":{"loc":{"start":{"line":11,"column":2},"end":{"line":13,"column":null}},"type":"if","locations":[{"start":{"line":11,"column":2},"end":{"line":13,"column":null}},{"start":{"line":11,"column":2},"end":{"line":13,"column":null}}]},"3":{"loc":{"start":{"line":11,"column":6},"end":{"line":11,"column":41}},"type":"binary-expr","locations":[{"start":{"line":11,"column":6},"end":{"line":11,"column":41}},{"start":{"line":11,"column":41},"end":{"line":11,"column":67}}]}},"s":{"0":2,"1":8,"2":8,"3":2,"4":8,"5":2,"6":8,"7":2},"f":{"0":8},"b":{"0":[2,6],"1":[8,6],"2":[2,6],"3":[8,6]}}
,"/Users/anisderbel/Documents/apcgithubissues/src/components/CustomDropdownAlert.tsx": {"path":"/Users/anisderbel/Documents/apcgithubissues/src/components/CustomDropdownAlert.tsx","statementMap":{"0":{"start":{"line":1,"column":0},"end":{"line":1,"column":null}},"1":{"start":{"line":2,"column":0},"end":{"line":2,"column":null}},"2":{"start":{"line":3,"column":0},"end":{"line":3,"column":null}},"3":{"start":{"line":5,"column":13},"end":{"line":5,"column":24}},"4":{"start":{"line":7,"column":28},"end":{"line":10,"column":null}},"5":{"start":{"line":8,"column":16},"end":{"line":8,"column":null}},"6":{"start":{"line":9,"column":2},"end":{"line":9,"column":9}},"7":{"start":{"line":12,"column":0},"end":{"line":12,"column":15}}},"fnMap":{"0":{"name":"CustomDropdownAlert","decl":{"start":{"line":7,"column":6},"end":{"line":7,"column":25}},"loc":{"start":{"line":7,"column":33},"end":{"line":10,"column":null}}}},"branchMap":{},"s":{"0":3,"1":3,"2":3,"3":3,"4":3,"5":1,"6":1,"7":3},"f":{"0":1},"b":{}}
,"/Users/anisderbel/Documents/apcgithubissues/src/components/Input.tsx": {"path":"/Users/anisderbel/Documents/apcgithubissues/src/components/Input.tsx","statementMap":{"0":{"start":{"line":1,"column":0},"end":{"line":1,"column":null}},"1":{"start":{"line":2,"column":0},"end":{"line":2,"column":null}},"2":{"start":{"line":10,"column":14},"end":{"line":31,"column":null}},"3":{"start":{"line":16,"column":37},"end":{"line":11,"column":10}},"4":{"start":{"line":16,"column":37},"end":{"line":11,"column":19}},"5":{"start":{"line":16,"column":37},"end":{"line":11,"column":null}},"6":{"start":{"line":16,"column":37},"end":{"line":12,"column":null}},"7":{"start":{"line":16,"column":37},"end":{"line":13,"column":null}},"8":{"start":{"line":16,"column":37},"end":{"line":14,"column":null}},"9":{"start":{"line":16,"column":37},"end":{"line":15,"column":null}},"10":{"start":{"line":17,"column":18},"end":{"line":17,"column":null}},"11":{"start":{"line":19,"column":2},"end":{"line":19,"column":null}},"12":{"start":{"line":33,"column":0},"end":{"line":33,"column":15}}},"fnMap":{"0":{"name":"Input","decl":{"start":{"line":10,"column":6},"end":{"line":10,"column":11}},"loc":{"start":{"line":16,"column":37},"end":{"line":31,"column":null}}}},"branchMap":{"0":{"loc":{"start":{"line":17,"column":18},"end":{"line":17,"column":25}},"type":"binary-expr","locations":[{"start":{"line":17,"column":18},"end":{"line":17,"column":25}},{"start":{"line":17,"column":29},"end":{"line":17,"column":null}}]},"1":{"loc":{"start":{"line":28,"column":7},"end":{"line":28,"column":14}},"type":"binary-expr","locations":[{"start":{"line":28,"column":7},"end":{"line":28,"column":14}},{"start":{"line":28,"column":18},"end":{"line":28,"column":27}},{"start":{"line":28,"column":27},"end":{"line":28,"column":28}}]}},"s":{"0":2,"1":2,"2":2,"3":9,"4":8,"5":8,"6":8,"7":8,"8":8,"9":8,"10":8,"11":8,"12":2},"f":{"0":9},"b":{"0":[8,0],"1":[8,0,0]}}
,"/Users/anisderbel/Documents/apcgithubissues/src/components/InputForm.tsx": {"path":"/Users/anisderbel/Documents/apcgithubissues/src/components/InputForm.tsx","statementMap":{"0":{"start":{"line":1,"column":0},"end":{"line":1,"column":null}},"1":{"start":{"line":2,"column":0},"end":{"line":2,"column":null}},"2":{"start":{"line":3,"column":0},"end":{"line":3,"column":null}},"3":{"start":{"line":4,"column":0},"end":{"line":4,"column":null}},"4":{"start":{"line":5,"column":0},"end":{"line":5,"column":null}},"5":{"start":{"line":6,"column":0},"end":{"line":6,"column":null}},"6":{"start":{"line":7,"column":0},"end":{"line":7,"column":null}},"7":{"start":{"line":9,"column":0},"end":{"line":9,"column":null}},"8":{"start":{"line":19,"column":18},"end":{"line":59,"column":null}},"9":{"start":{"line":20,"column":19},"end":{"line":20,"column":null}},"10":{"start":{"line":21,"column":31},"end":{"line":21,"column":43}},"11":{"start":{"line":21,"column":43},"end":{"line":21,"column":44}},"12":{"start":{"line":19,"column":68},"end":{"line":21,"column":21}},"13":{"start":{"line":19,"column":68},"end":{"line":21,"column":31}},"14":{"start":{"line":22,"column":16},"end":{"line":22,"column":null}},"15":{"start":{"line":23,"column":38},"end":{"line":23,"column":24}},"16":{"start":{"line":23,"column":38},"end":{"line":19,"column":67}},"17":{"start":{"line":24,"column":19},"end":{"line":26,"column":null}},"18":{"start":{"line":25,"column":4},"end":{"line":25,"column":12}},"19":{"start":{"line":28,"column":2},"end":{"line":28,"column":12}},"20":{"start":{"line":29,"column":4},"end":{"line":29,"column":null}},"21":{"start":{"line":29,"column":39},"end":{"line":29,"column":null}},"22":{"start":{"line":32,"column":2},"end":{"line":32,"column":null}},"23":{"start":{"line":61,"column":0},"end":{"line":61,"column":15}},"24":{"start":{"line":66,"column":15},"end":{"line":66,"column":26}}},"fnMap":{"0":{"name":"InputForm","decl":{"start":{"line":19,"column":6},"end":{"line":19,"column":15}},"loc":{"start":{"line":19,"column":68},"end":{"line":59,"column":null}}},"1":{"name":"(anonymous_1)","decl":{"start":{"line":21,"column":43},"end":{"line":21,"column":44}},"loc":{"start":{"line":21,"column":43},"end":{"line":21,"column":44}}},"2":{"name":"onSubmit","decl":{"start":{"line":24,"column":8},"end":{"line":24,"column":16}},"loc":{"start":{"line":24,"column":24},"end":{"line":26,"column":null}}},"3":{"name":"(anonymous_3)","decl":{"start":{"line":28,"column":12},"end":{"line":28,"column":17}},"loc":{"start":{"line":28,"column":17},"end":{"line":30,"column":5}}}},"branchMap":{"0":{"loc":{"start":{"line":29,"column":4},"end":{"line":29,"column":null}},"type":"if","locations":[{"start":{"line":29,"column":4},"end":{"line":29,"column":null}},{"start":{"line":29,"column":4},"end":{"line":29,"column":null}}]},"1":{"loc":{"start":{"line":29,"column":8},"end":{"line":29,"column":22}},"type":"binary-expr","locations":[{"start":{"line":29,"column":8},"end":{"line":29,"column":22}},{"start":{"line":29,"column":22},"end":{"line":29,"column":39}}]}},"s":{"0":2,"1":2,"2":2,"3":2,"4":2,"5":2,"6":2,"7":2,"8":2,"9":6,"10":5,"11":13,"12":5,"13":5,"14":5,"15":5,"16":5,"17":5,"18":0,"19":5,"20":4,"21":1,"22":5,"23":2,"24":2},"f":{"0":6,"1":13,"2":0,"3":4},"b":{"0":[1,3],"1":[4,3]}}
,"/Users/anisderbel/Documents/apcgithubissues/src/components/IssueItem.tsx": {"path":"/Users/anisderbel/Documents/apcgithubissues/src/components/IssueItem.tsx","statementMap":{"0":{"start":{"line":1,"column":0},"end":{"line":1,"column":null}},"1":{"start":{"line":2,"column":0},"end":{"line":2,"column":null}},"2":{"start":{"line":3,"column":0},"end":{"line":3,"column":null}},"3":{"start":{"line":4,"column":0},"end":{"line":4,"column":null}},"4":{"start":{"line":5,"column":0},"end":{"line":5,"column":null}},"5":{"start":{"line":6,"column":0},"end":{"line":6,"column":null}},"6":{"start":{"line":7,"column":0},"end":{"line":7,"column":null}},"7":{"start":{"line":8,"column":0},"end":{"line":8,"column":null}},"8":{"start":{"line":15,"column":18},"end":{"line":39,"column":null}},"9":{"start":{"line":15,"column":56},"end":{"line":15,"column":27}},"10":{"start":{"line":15,"column":56},"end":{"line":15,"column":55}},"11":{"start":{"line":16,"column":16},"end":{"line":16,"column":null}},"12":{"start":{"line":18,"column":23},"end":{"line":20,"column":null}},"13":{"start":{"line":19,"column":4},"end":{"line":19,"column":11}},"14":{"start":{"line":21,"column":2},"end":{"line":21,"column":null}},"15":{"start":{"line":41,"column":0},"end":{"line":41,"column":15}},"16":{"start":{"line":43,"column":15},"end":{"line":43,"column":26}}},"fnMap":{"0":{"name":"IssueItem","decl":{"start":{"line":15,"column":6},"end":{"line":15,"column":15}},"loc":{"start":{"line":15,"column":56},"end":{"line":39,"column":null}}},"1":{"name":"onPressIssue","decl":{"start":{"line":18,"column":8},"end":{"line":18,"column":20}},"loc":{"start":{"line":18,"column":28},"end":{"line":20,"column":null}}}},"branchMap":{"0":{"loc":{"start":{"line":25,"column":35},"end":{"line":25,"column":36}},"type":"cond-expr","locations":[{"start":{"line":25,"column":35},"end":{"line":25,"column":36}},{"start":{"line":25,"column":46},"end":{"line":25,"column":47}}]},"1":{"loc":{"start":{"line":29,"column":11},"end":{"line":29,"column":26}},"type":"binary-expr","locations":[{"start":{"line":29,"column":11},"end":{"line":29,"column":26}},{"start":{"line":29,"column":26},"end":{"line":29,"column":52}},{"start":{"line":29,"column":52},"end":{"line":29,"column":53}}]}},"s":{"0":3,"1":3,"2":3,"3":3,"4":3,"5":3,"6":3,"7":3,"8":3,"9":14,"10":12,"11":12,"12":12,"13":0,"14":12,"15":3,"16":3},"f":{"0":14,"1":0},"b":{"0":[11,1],"1":[12,12,11]}}
,"/Users/anisderbel/Documents/apcgithubissues/src/components/Labels.tsx": {"path":"/Users/anisderbel/Documents/apcgithubissues/src/components/Labels.tsx","statementMap":{"0":{"start":{"line":1,"column":0},"end":{"line":1,"column":null}},"1":{"start":{"line":2,"column":0},"end":{"line":2,"column":null}},"2":{"start":{"line":3,"column":0},"end":{"line":3,"column":null}},"3":{"start":{"line":4,"column":0},"end":{"line":4,"column":null}},"4":{"start":{"line":7,"column":15},"end":{"line":32,"column":null}},"5":{"start":{"line":7,"column":54},"end":{"line":7,"column":53}},"6":{"start":{"line":8,"column":16},"end":{"line":8,"column":null}},"7":{"start":{"line":10,"column":2},"end":{"line":10,"column":null}},"8":{"start":{"line":13,"column":29},"end":{"line":13,"column":null}},"9":{"start":{"line":14,"column":28},"end":{"line":14,"column":null}},"10":{"start":{"line":15,"column":8},"end":{"line":15,"column":null}},"11":{"start":{"line":34,"column":0},"end":{"line":34,"column":15}},"12":{"start":{"line":36,"column":15},"end":{"line":36,"column":26}}},"fnMap":{"0":{"name":"Labels","decl":{"start":{"line":7,"column":6},"end":{"line":7,"column":12}},"loc":{"start":{"line":7,"column":54},"end":{"line":32,"column":null}}},"1":{"name":"(anonymous_1)","decl":{"start":{"line":12,"column":17},"end":{"line":12,"column":18}},"loc":{"start":{"line":12,"column":26},"end":{"line":29,"column":null}}}},"branchMap":{"0":{"loc":{"start":{"line":14,"column":54},"end":{"line":14,"column":60}},"type":"cond-expr","locations":[{"start":{"line":14,"column":54},"end":{"line":14,"column":60}},{"start":{"line":14,"column":60},"end":{"line":14,"column":null}}]}},"s":{"0":3,"1":3,"2":3,"3":3,"4":3,"5":13,"6":11,"7":11,"8":24,"9":24,"10":24,"11":3,"12":3},"f":{"0":13,"1":24},"b":{"0":[0,24]}}
,"/Users/anisderbel/Documents/apcgithubissues/src/components/Pagination.tsx": {"path":"/Users/anisderbel/Documents/apcgithubissues/src/components/Pagination.tsx","statementMap":{"0":{"start":{"line":1,"column":0},"end":{"line":1,"column":null}},"1":{"start":{"line":2,"column":0},"end":{"line":2,"column":null}},"2":{"start":{"line":3,"column":0},"end":{"line":3,"column":null}},"3":{"start":{"line":4,"column":0},"end":{"line":4,"column":null}},"4":{"start":{"line":6,"column":0},"end":{"line":6,"column":null}},"5":{"start":{"line":7,"column":0},"end":{"line":7,"column":null}},"6":{"start":{"line":9,"column":19},"end":{"line":44,"column":null}},"7":{"start":{"line":10,"column":19},"end":{"line":10,"column":null}},"8":{"start":{"line":11,"column":16},"end":{"line":11,"column":null}},"9":{"start":{"line":12,"column":45},"end":{"line":12,"column":57}},"10":{"start":{"line":12,"column":57},"end":{"line":12,"column":58}},"11":{"start":{"line":9,"column":24},"end":{"line":12,"column":16}},"12":{"start":{"line":9,"column":24},"end":{"line":12,"column":31}},"13":{"start":{"line":9,"column":24},"end":{"line":12,"column":45}},"14":{"start":{"line":13,"column":29},"end":{"line":13,"column":null}},"15":{"start":{"line":14,"column":25},"end":{"line":14,"column":null}},"16":{"start":{"line":16,"column":22},"end":{"line":18,"column":null}},"17":{"start":{"line":17,"column":4},"end":{"line":17,"column":12}},"18":{"start":{"line":19,"column":26},"end":{"line":21,"column":null}},"19":{"start":{"line":20,"column":4},"end":{"line":20,"column":12}},"20":{"start":{"line":23,"column":2},"end":{"line":23,"column":null}},"21":{"start":{"line":46,"column":0},"end":{"line":46,"column":15}},"22":{"start":{"line":48,"column":15},"end":{"line":48,"column":26}}},"fnMap":{"0":{"name":"Pagination","decl":{"start":{"line":9,"column":6},"end":{"line":9,"column":16}},"loc":{"start":{"line":9,"column":24},"end":{"line":44,"column":null}}},"1":{"name":"(anonymous_1)","decl":{"start":{"line":12,"column":57},"end":{"line":12,"column":58}},"loc":{"start":{"line":12,"column":57},"end":{"line":12,"column":58}}},"2":{"name":"onPressNext","decl":{"start":{"line":16,"column":8},"end":{"line":16,"column":19}},"loc":{"start":{"line":16,"column":27},"end":{"line":18,"column":null}}},"3":{"name":"onPressPrevious","decl":{"start":{"line":19,"column":8},"end":{"line":19,"column":23}},"loc":{"start":{"line":19,"column":31},"end":{"line":21,"column":null}}}},"branchMap":{"0":{"loc":{"start":{"line":13,"column":29},"end":{"line":13,"column":43}},"type":"binary-expr","locations":[{"start":{"line":13,"column":29},"end":{"line":13,"column":43}},{"start":{"line":13,"column":43},"end":{"line":13,"column":null}}]},"1":{"loc":{"start":{"line":14,"column":25},"end":{"line":14,"column":52}},"type":"binary-expr","locations":[{"start":{"line":14,"column":25},"end":{"line":14,"column":52}},{"start":{"line":14,"column":52},"end":{"line":14,"column":null}}]}},"s":{"0":3,"1":3,"2":3,"3":3,"4":3,"5":3,"6":3,"7":10,"8":8,"9":8,"10":19,"11":8,"12":8,"13":8,"14":8,"15":8,"16":8,"17":2,"18":8,"19":1,"20":8,"21":3,"22":3},"f":{"0":10,"1":19,"2":2,"3":1},"b":{"0":[8,2],"1":[8,0]}}
,"/Users/anisderbel/Documents/apcgithubissues/src/components/Title.tsx": {"path":"/Users/anisderbel/Documents/apcgithubissues/src/components/Title.tsx","statementMap":{"0":{"start":{"line":1,"column":0},"end":{"line":1,"column":null}},"1":{"start":{"line":2,"column":0},"end":{"line":2,"column":null}},"2":{"start":{"line":3,"column":0},"end":{"line":3,"column":null}},"3":{"start":{"line":5,"column":26},"end":{"line":9,"column":null}},"4":{"start":{"line":6,"column":18},"end":{"line":6,"column":null}},"5":{"start":{"line":7,"column":16},"end":{"line":7,"column":30}},"6":{"start":{"line":8,"column":2},"end":{"line":8,"column":9}},"7":{"start":{"line":5,"column":13},"end":{"line":5,"column":23}},"8":{"start":{"line":11,"column":14},"end":{"line":30,"column":null}},"9":{"start":{"line":11,"column":53},"end":{"line":11,"column":52}},"10":{"start":{"line":12,"column":16},"end":{"line":12,"column":null}},"11":{"start":{"line":13,"column":2},"end":{"line":13,"column":null}},"12":{"start":{"line":32,"column":0},"end":{"line":32,"column":15}}},"fnMap":{"0":{"name":"renderText","decl":{"start":{"line":5,"column":13},"end":{"line":5,"column":23}},"loc":{"start":{"line":5,"column":53},"end":{"line":9,"column":null}}},"1":{"name":"Title","decl":{"start":{"line":11,"column":6},"end":{"line":11,"column":11}},"loc":{"start":{"line":11,"column":53},"end":{"line":30,"column":null}}}},"branchMap":{"0":{"loc":{"start":{"line":8,"column":37},"end":{"line":8,"column":43}},"type":"cond-expr","locations":[{"start":{"line":8,"column":37},"end":{"line":8,"column":43}},{"start":{"line":8,"column":48},"end":{"line":8,"column":null}}]},"1":{"loc":{"start":{"line":8,"column":9},"end":{"line":8,"column":14}},"type":"binary-expr","locations":[{"start":{"line":8,"column":9},"end":{"line":8,"column":14}},{"start":{"line":8,"column":18},"end":{"line":8,"column":37}}]}},"s":{"0":4,"1":4,"2":4,"3":4,"4":3,"5":3,"6":3,"7":4,"8":4,"9":17,"10":14,"11":14,"12":4},"f":{"0":3,"1":17},"b":{"0":[1,2],"1":[3,1]}}
,"/Users/anisderbel/Documents/apcgithubissues/src/redux/appReducer.ts": {"path":"/Users/anisderbel/Documents/apcgithubissues/src/redux/appReducer.ts","statementMap":{"0":{"start":{"line":1,"column":0},"end":{"line":1,"column":null}},"1":{"start":{"line":2,"column":0},"end":{"line":2,"column":null}},"2":{"start":{"line":4,"column":0},"end":{"line":4,"column":null}},"3":{"start":{"line":11,"column":47},"end":{"line":11,"column":82}},"4":{"start":{"line":16,"column":0},"end":{"line":16,"column":15}}},"fnMap":{},"branchMap":{},"s":{"0":1,"1":1,"2":1,"3":1,"4":1},"f":{},"b":{}}
,"/Users/anisderbel/Documents/apcgithubissues/src/redux/axios.ts": {"path":"/Users/anisderbel/Documents/apcgithubissues/src/redux/axios.ts","statementMap":{"0":{"start":{"line":1,"column":0},"end":{"line":1,"column":null}},"1":{"start":{"line":2,"column":0},"end":{"line":2,"column":null}},"2":{"start":{"line":3,"column":13},"end":{"line":3,"column":24}},"3":{"start":{"line":5,"column":35},"end":{"line":5,"column":null}},"4":{"start":{"line":9,"column":20},"end":{"line":9,"column":21}},"5":{"start":{"line":5,"column":13},"end":{"line":5,"column":32}},"6":{"start":{"line":15,"column":0},"end":{"line":15,"column":15}}},"fnMap":{"0":{"name":"createAxiosInstance","decl":{"start":{"line":5,"column":13},"end":{"line":5,"column":32}},"loc":{"start":{"line":5,"column":35},"end":{"line":5,"column":null}}},"1":{"name":"validateStatus","decl":{"start":{"line":9,"column":20},"end":{"line":9,"column":21}},"loc":{"start":{"line":9,"column":20},"end":{"line":9,"column":21}}}},"branchMap":{"0":{"loc":{"start":{"line":9,"column":40},"end":{"line":9,"column":57}},"type":"binary-expr","locations":[{"start":{"line":9,"column":40},"end":{"line":9,"column":57}},{"start":{"line":9,"column":57},"end":{"line":9,"column":null}}]}},"s":{"0":3,"1":3,"2":3,"3":8,"4":0,"5":3,"6":3},"f":{"0":5,"1":0},"b":{"0":[0,0]}}
,"/Users/anisderbel/Documents/apcgithubissues/src/redux/sagas.ts": {"path":"/Users/anisderbel/Documents/apcgithubissues/src/redux/sagas.ts","statementMap":{"0":{"start":{"line":1,"column":0},"end":{"line":1,"column":null}},"1":{"start":{"line":2,"column":0},"end":{"line":2,"column":null}},"2":{"start":{"line":3,"column":14},"end":{"line":3,"column":15}},"3":{"start":{"line":5,"column":0},"end":{"line":5,"column":10}},"4":{"start":{"line":7,"column":4},"end":{"line":7,"column":10}},"5":{"start":{"line":9,"column":4},"end":{"line":9,"column":11}},"6":{"start":{"line":13,"column":0},"end":{"line":13,"column":10}},"7":{"start":{"line":14,"column":2},"end":{"line":14,"column":8}},"8":{"start":{"line":14,"column":22},"end":{"line":14,"column":23}},"9":{"start":{"line":17,"column":0},"end":{"line":17,"column":15}}},"fnMap":{"0":{"name":"wrapForErrorHandling","decl":{"start":{"line":5,"column":10},"end":{"line":5,"column":31}},"loc":{"start":{"line":5,"column":0},"end":{"line":5,"column":10}}},"1":{"name":"wrapForErrorHandling$","decl":{"start":{"line":5,"column":0},"end":{"line":5,"column":10}},"loc":{"start":{"line":5,"column":0},"end":{"line":5,"column":10}}},"2":{"name":"rootSaga","decl":{"start":{"line":13,"column":10},"end":{"line":13,"column":null}},"loc":{"start":{"line":13,"column":0},"end":{"line":13,"column":10}}},"3":{"name":"rootSaga$","decl":{"start":{"line":13,"column":0},"end":{"line":13,"column":10}},"loc":{"start":{"line":13,"column":0},"end":{"line":13,"column":10}}},"4":{"name":"(anonymous_4)","decl":{"start":{"line":14,"column":22},"end":{"line":14,"column":23}},"loc":{"start":{"line":14,"column":22},"end":{"line":14,"column":23}}}},"branchMap":{"0":{"loc":{"start":{"line":5,"column":0},"end":{"line":7,"column":10}},"type":"switch","locations":[{"start":{"line":5,"column":0},"end":{"line":7,"column":10}},{"start":{"line":5,"column":0},"end":{"line":5,"column":10}},{"start":{"line":5,"column":0},"end":{"line":9,"column":11}},{"start":{"line":5,"column":0},"end":{"line":5,"column":10}},{"start":{"line":5,"column":0},"end":{"line":5,"column":10}}]},"1":{"loc":{"start":{"line":13,"column":0},"end":{"line":14,"column":8}},"type":"switch","locations":[{"start":{"line":13,"column":0},"end":{"line":14,"column":8}},{"start":{"line":13,"column":0},"end":{"line":13,"column":10}},{"start":{"line":13,"column":0},"end":{"line":13,"column":10}}]}},"s":{"0":1,"1":1,"2":1,"3":5,"4":1,"5":0,"6":7,"7":1,"8":1,"9":1},"f":{"0":1,"1":1,"2":1,"3":2,"4":1},"b":{"0":[1,0,0,0,0],"1":[1,1,1]}}
,"/Users/anisderbel/Documents/apcgithubissues/src/redux/store.ts": {"path":"/Users/anisderbel/Documents/apcgithubissues/src/redux/store.ts","statementMap":{"0":{"start":{"line":1,"column":0},"end":{"line":1,"column":null}},"1":{"start":{"line":2,"column":0},"end":{"line":2,"column":null}},"2":{"start":{"line":3,"column":0},"end":{"line":3,"column":null}},"3":{"start":{"line":4,"column":0},"end":{"line":4,"column":null}},"4":{"start":{"line":5,"column":0},"end":{"line":5,"column":null}},"5":{"start":{"line":6,"column":23},"end":{"line":6,"column":null}},"6":{"start":{"line":8,"column":20},"end":{"line":8,"column":21}},"7":{"start":{"line":9,"column":0},"end":{"line":13,"column":null}},"8":{"start":{"line":11,"column":34},"end":{"line":11,"column":null}},"9":{"start":{"line":12,"column":2},"end":{"line":12,"column":13}},"10":{"start":{"line":15,"column":14},"end":{"line":15,"column":26}},"11":{"start":{"line":16,"column":0},"end":{"line":16,"column":14}},"12":{"start":{"line":18,"column":0},"end":{"line":18,"column":15}}},"fnMap":{},"branchMap":{"0":{"loc":{"start":{"line":9,"column":0},"end":{"line":13,"column":null}},"type":"if","locations":[{"start":{"line":9,"column":0},"end":{"line":13,"column":null}},{"start":{"line":9,"column":0},"end":{"line":13,"column":null}}]}},"s":{"0":1,"1":1,"2":1,"3":1,"4":1,"5":1,"6":1,"7":1,"8":1,"9":1,"10":1,"11":1,"12":1},"f":{},"b":{"0":[1,0]}}
,"/Users/anisderbel/Documents/apcgithubissues/src/redux/interceptors/interceptors.ts": {"path":"/Users/anisderbel/Documents/apcgithubissues/src/redux/interceptors/interceptors.ts","statementMap":{"0":{"start":{"line":2,"column":0},"end":{"line":2,"column":null}},"1":{"start":{"line":4,"column":25},"end":{"line":4,"column":32}},"2":{"start":{"line":5,"column":2},"end":{"line":7,"column":21}},"3":{"start":{"line":6,"column":4},"end":{"line":6,"column":18}},"4":{"start":{"line":7,"column":7},"end":{"line":7,"column":21}},"5":{"start":{"line":12,"column":28},"end":{"line":16,"column":null}},"6":{"start":{"line":13,"column":2},"end":{"line":13,"column":8}},"7":{"start":{"line":13,"column":35},"end":{"line":13,"column":36}},"8":{"start":{"line":15,"column":2},"end":{"line":15,"column":9}},"9":{"start":{"line":12,"column":13},"end":{"line":12,"column":25}},"10":{"start":{"line":19,"column":29},"end":{"line":19,"column":19}},"11":{"start":{"line":21,"column":2},"end":{"line":23,"column":null}},"12":{"start":{"line":22,"column":4},"end":{"line":22,"column":null}},"13":{"start":{"line":25,"column":2},"end":{"line":25,"column":9}},"14":{"start":{"line":18,"column":0},"end":{"line":18,"column":16}}},"fnMap":{"0":{"name":"errorInterceptor","decl":{"start":{"line":4,"column":6},"end":{"line":4,"column":22}},"loc":{"start":{"line":4,"column":25},"end":{"line":4,"column":32}}},"1":{"name":"errorInterceptor$","decl":{"start":{"line":4,"column":25},"end":{"line":4,"column":32}},"loc":{"start":{"line":4,"column":25},"end":{"line":4,"column":32}}},"2":{"name":"interceptors","decl":{"start":{"line":12,"column":13},"end":{"line":12,"column":25}},"loc":{"start":{"line":12,"column":54},"end":{"line":16,"column":null}}},"3":{"name":"(anonymous_3)","decl":{"start":{"line":13,"column":35},"end":{"line":13,"column":36}},"loc":{"start":{"line":13,"column":35},"end":{"line":13,"column":36}}},"4":{"name":"showErrorAlert","decl":{"start":{"line":18,"column":16},"end":{"line":18,"column":31}},"loc":{"start":{"line":18,"column":61},"end":{"line":26,"column":null}}}},"branchMap":{"0":{"loc":{"start":{"line":4,"column":25},"end":{"line":4,"column":32}},"type":"switch","locations":[{"start":{"line":4,"column":25},"end":{"line":4,"column":32}},{"start":{"line":4,"column":25},"end":{"line":4,"column":32}},{"start":{"line":4,"column":25},"end":{"line":4,"column":32}}]},"1":{"loc":{"start":{"line":5,"column":2},"end":{"line":7,"column":21}},"type":"if","locations":[{"start":{"line":5,"column":2},"end":{"line":7,"column":21}},{"start":{"line":5,"column":2},"end":{"line":7,"column":21}}]},"2":{"loc":{"start":{"line":5,"column":6},"end":{"line":5,"column":11}},"type":"cond-expr","locations":[{"start":{"line":5,"column":6},"end":{"line":5,"column":11}},{"start":{"line":5,"column":6},"end":{"line":5,"column":33}}]},"3":{"loc":{"start":{"line":5,"column":6},"end":{"line":5,"column":11}},"type":"binary-expr","locations":[{"start":{"line":5,"column":6},"end":{"line":5,"column":11}},{"start":{"line":5,"column":6},"end":{"line":5,"column":11}}]},"4":{"loc":{"start":{"line":21,"column":2},"end":{"line":23,"column":null}},"type":"if","locations":[{"start":{"line":21,"column":2},"end":{"line":23,"column":null}},{"start":{"line":21,"column":2},"end":{"line":23,"column":null}}]}},"s":{"0":3,"1":17,"2":2,"3":1,"4":1,"5":3,"6":5,"7":0,"8":5,"9":3,"10":2,"11":2,"12":2,"13":0,"14":3},"f":{"0":2,"1":4,"2":5,"3":0,"4":2},"b":{"0":[2,0,2],"1":[1,1],"2":[0,2],"3":[2,2],"4":[2,0]}}
,"/Users/anisderbel/Documents/apcgithubissues/src/redux/repo/actions.ts": {"path":"/Users/anisderbel/Documents/apcgithubissues/src/redux/repo/actions.ts","statementMap":{"0":{"start":{"line":4,"column":0},"end":{"line":4,"column":12}},"1":{"start":{"line":5,"column":2},"end":{"line":5,"column":null}},"2":{"start":{"line":6,"column":2},"end":{"line":6,"column":null}},"3":{"start":{"line":7,"column":2},"end":{"line":7,"column":null}},"4":{"start":{"line":8,"column":2},"end":{"line":8,"column":null}},"5":{"start":{"line":38,"column":13},"end":{"line":38,"column":27}},"6":{"start":{"line":39,"column":17},"end":{"line":39,"column":18}},"7":{"start":{"line":43,"column":24},"end":{"line":43,"column":25}},"8":{"start":{"line":47,"column":18},"end":{"line":47,"column":19}},"9":{"start":{"line":51,"column":23},"end":{"line":51,"column":30}}},"fnMap":{"0":{"name":"(anonymous_0)","decl":{"start":{"line":4,"column":0},"end":{"line":4,"column":12}},"loc":{"start":{"line":4,"column":28},"end":{"line":9,"column":null}}},"1":{"name":"getRepoIssues","decl":{"start":{"line":39,"column":17},"end":{"line":39,"column":18}},"loc":{"start":{"line":39,"column":17},"end":{"line":39,"column":18}}},"2":{"name":"getRepoIssuesSuccess","decl":{"start":{"line":43,"column":24},"end":{"line":43,"column":25}},"loc":{"start":{"line":43,"column":24},"end":{"line":43,"column":25}}},"3":{"name":"setCurrentPage","decl":{"start":{"line":47,"column":18},"end":{"line":47,"column":19}},"loc":{"start":{"line":47,"column":18},"end":{"line":47,"column":19}}},"4":{"name":"getRepoIssuesFailed","decl":{"start":{"line":51,"column":23},"end":{"line":51,"column":30}},"loc":{"start":{"line":51,"column":23},"end":{"line":51,"column":30}}}},"branchMap":{"0":{"loc":{"start":{"line":4,"column":12},"end":{"line":4,"column":28}},"type":"binary-expr","locations":[{"start":{"line":4,"column":12},"end":{"line":4,"column":28}},{"start":{"line":4,"column":12},"end":{"line":4,"column":null}}]}},"s":{"0":5,"1":5,"2":5,"3":5,"4":5,"5":5,"6":5,"7":2,"8":2,"9":2},"f":{"0":5,"1":5,"2":2,"3":2,"4":2},"b":{"0":[5,5]}}
,"/Users/anisderbel/Documents/apcgithubissues/src/redux/repo/reducer.ts": {"path":"/Users/anisderbel/Documents/apcgithubissues/src/redux/repo/reducer.ts","statementMap":{"0":{"start":{"line":2,"column":0},"end":{"line":2,"column":null}},"1":{"start":{"line":32,"column":13},"end":{"line":32,"column":40}},"2":{"start":{"line":40,"column":41},"end":{"line":85,"column":null}},"3":{"start":{"line":43,"column":16},"end":{"line":41,"column":null}},"4":{"start":{"line":43,"column":16},"end":{"line":43,"column":null}},"5":{"start":{"line":44,"column":2},"end":{"line":44,"column":10}},"6":{"start":{"line":46,"column":6},"end":{"line":46,"column":null}},"7":{"start":{"line":54,"column":6},"end":{"line":54,"column":null}},"8":{"start":{"line":67,"column":6},"end":{"line":67,"column":null}},"9":{"start":{"line":76,"column":6},"end":{"line":76,"column":null}},"10":{"start":{"line":83,"column":6},"end":{"line":83,"column":13}},"11":{"start":{"line":87,"column":0},"end":{"line":87,"column":15}}},"fnMap":{"0":{"name":"formReducer","decl":{"start":{"line":40,"column":6},"end":{"line":40,"column":17}},"loc":{"start":{"line":43,"column":16},"end":{"line":85,"column":null}}}},"branchMap":{"0":{"loc":{"start":{"line":43,"column":16},"end":{"line":43,"column":null}},"type":"cond-expr","locations":[{"start":{"line":43,"column":16},"end":{"line":43,"column":null}},{"start":{"line":41,"column":22},"end":{"line":41,"column":null}}]},"1":{"loc":{"start":{"line":43,"column":16},"end":{"line":43,"column":null}},"type":"binary-expr","locations":[{"start":{"line":43,"column":16},"end":{"line":43,"column":null}},{"start":{"line":43,"column":16},"end":{"line":43,"column":null}}]},"2":{"loc":{"start":{"line":45,"column":4},"end":{"line":52,"column":null}},"type":"switch","locations":[{"start":{"line":45,"column":4},"end":{"line":52,"column":null}},{"start":{"line":53,"column":4},"end":{"line":65,"column":null}},{"start":{"line":66,"column":4},"end":{"line":74,"column":null}},{"start":{"line":75,"column":4},"end":{"line":81,"column":null}},{"start":{"line":82,"column":4},"end":{"line":83,"column":13}}]},"3":{"loc":{"start":{"line":49,"column":48},"end":{"line":49,"column":53}},"type":"cond-expr","locations":[{"start":{"line":49,"column":48},"end":{"line":49,"column":53}},{"start":{"line":49,"column":53},"end":{"line":49,"column":null}}]}},"s":{"0":5,"1":5,"2":5,"3":19,"4":19,"5":19,"6":2,"7":1,"8":1,"9":0,"10":15,"11":5},"f":{"0":19},"b":{"0":[8,11],"1":[38,19],"2":[2,1,1,0,15],"3":[0,2]}}
,"/Users/anisderbel/Documents/apcgithubissues/src/redux/repo/saga.ts": {"path":"/Users/anisderbel/Documents/apcgithubissues/src/redux/repo/saga.ts","statementMap":{"0":{"start":{"line":1,"column":0},"end":{"line":1,"column":null}},"1":{"start":{"line":3,"column":0},"end":{"line":3,"column":null}},"2":{"start":{"line":4,"column":0},"end":{"line":4,"column":null}},"3":{"start":{"line":7,"column":18},"end":{"line":7,"column":null}},"4":{"start":{"line":9,"column":0},"end":{"line":9,"column":10}},"5":{"start":{"line":9,"column":26},"end":{"line":9,"column":10}},"6":{"start":{"line":11,"column":12},"end":{"line":9,"column":10}},"7":{"start":{"line":14,"column":8},"end":{"line":14,"column":14}},"8":{"start":{"line":14,"column":21},"end":{"line":14,"column":22}},"9":{"start":{"line":13,"column":14},"end":{"line":9,"column":10}},"10":{"start":{"line":15,"column":38},"end":{"line":15,"column":44}},"11":{"start":{"line":15,"column":51},"end":{"line":15,"column":52}},"12":{"start":{"line":15,"column":12},"end":{"line":9,"column":10}},"13":{"start":{"line":15,"column":20},"end":{"line":9,"column":10}},"14":{"start":{"line":18,"column":6},"end":{"line":18,"column":12}},"15":{"start":{"line":26,"column":38},"end":{"line":26,"column":44}},"16":{"start":{"line":26,"column":10},"end":{"line":9,"column":10}},"17":{"start":{"line":30,"column":10},"end":{"line":9,"column":10}},"18":{"start":{"line":31,"column":4},"end":{"line":31,"column":10}},"19":{"start":{"line":39,"column":4},"end":{"line":39,"column":10}},"20":{"start":{"line":43,"column":0},"end":{"line":43,"column":10}},"21":{"start":{"line":44,"column":2},"end":{"line":44,"column":8}},"22":{"start":{"line":47,"column":0},"end":{"line":47,"column":15}}},"fnMap":{"0":{"name":"getRepoIssues","decl":{"start":{"line":9,"column":10},"end":{"line":9,"column":26}},"loc":{"start":{"line":9,"column":0},"end":{"line":9,"column":10}}},"1":{"name":"getRepoIssues$","decl":{"start":{"line":9,"column":0},"end":{"line":9,"column":10}},"loc":{"start":{"line":9,"column":0},"end":{"line":9,"column":10}}},"2":{"name":"(anonymous_2)","decl":{"start":{"line":14,"column":21},"end":{"line":14,"column":22}},"loc":{"start":{"line":14,"column":21},"end":{"line":14,"column":22}}},"3":{"name":"(anonymous_3)","decl":{"start":{"line":15,"column":51},"end":{"line":15,"column":52}},"loc":{"start":{"line":15,"column":51},"end":{"line":15,"column":52}}},"4":{"name":"repoSaga","decl":{"start":{"line":43,"column":10},"end":{"line":43,"column":null}},"loc":{"start":{"line":43,"column":0},"end":{"line":43,"column":10}}},"5":{"name":"repoSaga$","decl":{"start":{"line":43,"column":0},"end":{"line":43,"column":10}},"loc":{"start":{"line":43,"column":0},"end":{"line":43,"column":10}}}},"branchMap":{"0":{"loc":{"start":{"line":9,"column":0},"end":{"line":14,"column":14}},"type":"switch","locations":[{"start":{"line":9,"column":0},"end":{"line":14,"column":14}},{"start":{"line":9,"column":0},"end":{"line":15,"column":44}},{"start":{"line":9,"column":0},"end":{"line":18,"column":12}},{"start":{"line":9,"column":0},"end":{"line":9,"column":10}},{"start":{"line":9,"column":0},"end":{"line":26,"column":44}},{"start":{"line":9,"column":0},"end":{"line":31,"column":10}},{"start":{"line":9,"column":0},"end":{"line":9,"column":10}},{"start":{"line":9,"column":0},"end":{"line":39,"column":10}},{"start":{"line":9,"column":0},"end":{"line":9,"column":10}},{"start":{"line":9,"column":0},"end":{"line":9,"column":10}}]},"1":{"loc":{"start":{"line":9,"column":0},"end":{"line":9,"column":10}},"type":"if","locations":[{"start":{"line":9,"column":0},"end":{"line":9,"column":10}},{"start":{"line":9,"column":0},"end":{"line":9,"column":10}}]},"2":{"loc":{"start":{"line":21,"column":61},"end":{"line":21,"column":68}},"type":"cond-expr","locations":[{"start":{"line":21,"column":61},"end":{"line":21,"column":68}},{"start":{"line":21,"column":68},"end":{"line":21,"column":null}}]},"3":{"loc":{"start":{"line":21,"column":25},"end":{"line":21,"column":38}},"type":"binary-expr","locations":[{"start":{"line":21,"column":25},"end":{"line":21,"column":38}},{"start":{"line":21,"column":42},"end":{"line":21,"column":49}}]},"4":{"loc":{"start":{"line":35,"column":60},"end":{"line":35,"column":68}},"type":"cond-expr","locations":[{"start":{"line":35,"column":60},"end":{"line":35,"column":68}},{"start":{"line":35,"column":68},"end":{"line":35,"column":null}}]},"5":{"loc":{"start":{"line":35,"column":23},"end":{"line":35,"column":39}},"type":"binary-expr","locations":[{"start":{"line":35,"column":23},"end":{"line":35,"column":39}},{"start":{"line":35,"column":39},"end":{"line":35,"column":60}}]},"6":{"loc":{"start":{"line":43,"column":0},"end":{"line":44,"column":8}},"type":"switch","locations":[{"start":{"line":43,"column":0},"end":{"line":44,"column":8}},{"start":{"line":43,"column":0},"end":{"line":43,"column":10}},{"start":{"line":43,"column":0},"end":{"line":43,"column":10}}]}},"s":{"0":2,"1":2,"2":2,"3":2,"4":46,"5":2,"6":2,"7":2,"8":2,"9":2,"10":2,"11":2,"12":2,"13":2,"14":1,"15":1,"16":1,"17":1,"18":1,"19":0,"20":35,"21":5,"22":2},"f":{"0":2,"1":10,"2":2,"3":2,"4":5,"5":10},"b":{"0":[2,2,2,1,1,1,1,0,1,2],"1":[1,1],"2":[0,1],"3":[1,1],"4":[0,1],"5":[1,1],"6":[5,5,5]}}
,"/Users/anisderbel/Documents/apcgithubissues/src/redux/repo/selectors.ts": {"path":"/Users/anisderbel/Documents/apcgithubissues/src/redux/repo/selectors.ts","statementMap":{"0":{"start":{"line":1,"column":0},"end":{"line":1,"column":null}},"1":{"start":{"line":6,"column":20},"end":{"line":6,"column":21}},"2":{"start":{"line":6,"column":13},"end":{"line":6,"column":17}},"3":{"start":{"line":8,"column":13},"end":{"line":8,"column":32}},"4":{"start":{"line":10,"column":2},"end":{"line":10,"column":11}},"5":{"start":{"line":10,"column":2},"end":{"line":10,"column":38}},"6":{"start":{"line":10,"column":2},"end":{"line":10,"column":5}}},"fnMap":{"0":{"name":"repo","decl":{"start":{"line":6,"column":13},"end":{"line":6,"column":17}},"loc":{"start":{"line":6,"column":20},"end":{"line":6,"column":21}}},"1":{"name":"(anonymous_1)","decl":{"start":{"line":10,"column":2},"end":{"line":10,"column":5}},"loc":{"start":{"line":10,"column":2},"end":{"line":10,"column":5}}}},"branchMap":{},"s":{"0":2,"1":4,"2":2,"3":2,"4":1,"5":1,"6":1},"f":{"0":2,"1":1},"b":{}}
,"/Users/anisderbel/Documents/apcgithubissues/src/routes/index.ts": {"path":"/Users/anisderbel/Documents/apcgithubissues/src/routes/index.ts","statementMap":{"0":{"start":{"line":6,"column":0},"end":{"line":6,"column":12}},"1":{"start":{"line":7,"column":2},"end":{"line":7,"column":null}},"2":{"start":{"line":8,"column":2},"end":{"line":8,"column":null}}},"fnMap":{"0":{"name":"(anonymous_0)","decl":{"start":{"line":6,"column":0},"end":{"line":6,"column":12}},"loc":{"start":{"line":6,"column":18},"end":{"line":9,"column":null}}}},"branchMap":{"0":{"loc":{"start":{"line":6,"column":12},"end":{"line":6,"column":18}},"type":"binary-expr","locations":[{"start":{"line":6,"column":12},"end":{"line":6,"column":18}},{"start":{"line":6,"column":12},"end":{"line":6,"column":null}}]}},"s":{"0":1,"1":1,"2":1},"f":{"0":1},"b":{"0":[1,1]}}
,"/Users/anisderbel/Documents/apcgithubissues/src/routes/routes.tsx": {"path":"/Users/anisderbel/Documents/apcgithubissues/src/routes/routes.tsx","statementMap":{"0":{"start":{"line":1,"column":0},"end":{"line":1,"column":null}},"1":{"start":{"line":2,"column":0},"end":{"line":2,"column":null}},"2":{"start":{"line":3,"column":0},"end":{"line":3,"column":null}},"3":{"start":{"line":4,"column":0},"end":{"line":4,"column":null}},"4":{"start":{"line":5,"column":0},"end":{"line":5,"column":null}},"5":{"start":{"line":7,"column":18},"end":{"line":7,"column":null}},"6":{"start":{"line":9,"column":15},"end":{"line":9,"column":null}},"7":{"start":{"line":18,"column":0},"end":{"line":18,"column":15}}},"fnMap":{"0":{"name":"Routes","decl":{"start":{"line":9,"column":6},"end":{"line":9,"column":12}},"loc":{"start":{"line":9,"column":15},"end":{"line":9,"column":null}}}},"branchMap":{},"s":{"0":1,"1":1,"2":1,"3":1,"4":1,"5":1,"6":2,"7":1},"f":{"0":1},"b":{}}
,"/Users/anisderbel/Documents/apcgithubissues/src/screens/GithubIssuesScreen.tsx": {"path":"/Users/anisderbel/Documents/apcgithubissues/src/screens/GithubIssuesScreen.tsx","statementMap":{"0":{"start":{"line":1,"column":0},"end":{"line":1,"column":null}},"1":{"start":{"line":2,"column":0},"end":{"line":2,"column":null}},"2":{"start":{"line":3,"column":0},"end":{"line":3,"column":null}},"3":{"start":{"line":4,"column":0},"end":{"line":4,"column":null}},"4":{"start":{"line":7,"column":0},"end":{"line":7,"column":null}},"5":{"start":{"line":8,"column":0},"end":{"line":8,"column":null}},"6":{"start":{"line":9,"column":0},"end":{"line":9,"column":null}},"7":{"start":{"line":11,"column":27},"end":{"line":65,"column":null}},"8":{"start":{"line":12,"column":16},"end":{"line":12,"column":null}},"9":{"start":{"line":13,"column":18},"end":{"line":13,"column":35}},"10":{"start":{"line":14,"column":19},"end":{"line":14,"column":31}},"11":{"start":{"line":14,"column":31},"end":{"line":14,"column":32}},"12":{"start":{"line":11,"column":32},"end":{"line":14,"column":19}},"13":{"start":{"line":15,"column":17},"end":{"line":15,"column":29}},"14":{"start":{"line":18,"column":6},"end":{"line":18,"column":18}},"15":{"start":{"line":18,"column":18},"end":{"line":18,"column":19}},"16":{"start":{"line":11,"column":32},"end":{"line":17,"column":null}},"17":{"start":{"line":20,"column":2},"end":{"line":20,"column":12}},"18":{"start":{"line":21,"column":4},"end":{"line":21,"column":11}},"19":{"start":{"line":24,"column":18},"end":{"line":26,"column":null}},"20":{"start":{"line":25,"column":4},"end":{"line":25,"column":12}},"21":{"start":{"line":28,"column":21},"end":{"line":28,"column":24}},"22":{"start":{"line":28,"column":21},"end":{"line":28,"column":52}},"23":{"start":{"line":30,"column":33},"end":{"line":30,"column":null}},"24":{"start":{"line":39,"column":25},"end":{"line":39,"column":null}},"25":{"start":{"line":44,"column":2},"end":{"line":44,"column":null}},"26":{"start":{"line":55,"column":22},"end":{"line":55,"column":23}},"27":{"start":{"line":67,"column":0},"end":{"line":67,"column":15}},"28":{"start":{"line":69,"column":15},"end":{"line":69,"column":26}}},"fnMap":{"0":{"name":"GithubIssuesScreen","decl":{"start":{"line":11,"column":6},"end":{"line":11,"column":24}},"loc":{"start":{"line":11,"column":32},"end":{"line":65,"column":null}}},"1":{"name":"(anonymous_1)","decl":{"start":{"line":14,"column":31},"end":{"line":14,"column":32}},"loc":{"start":{"line":14,"column":31},"end":{"line":14,"column":32}}},"2":{"name":"(anonymous_2)","decl":{"start":{"line":18,"column":18},"end":{"line":18,"column":19}},"loc":{"start":{"line":18,"column":18},"end":{"line":18,"column":19}}},"3":{"name":"(anonymous_3)","decl":{"start":{"line":20,"column":12},"end":{"line":20,"column":17}},"loc":{"start":{"line":20,"column":17},"end":{"line":22,"column":5}}},"4":{"name":"onPress","decl":{"start":{"line":24,"column":8},"end":{"line":24,"column":15}},"loc":{"start":{"line":24,"column":34},"end":{"line":26,"column":null}}},"5":{"name":"renderItem","decl":{"start":{"line":28,"column":8},"end":{"line":28,"column":18}},"loc":{"start":{"line":28,"column":21},"end":{"line":28,"column":24}}},"6":{"name":"ItemSeparatorComponent","decl":{"start":{"line":30,"column":8},"end":{"line":30,"column":30}},"loc":{"start":{"line":30,"column":33},"end":{"line":30,"column":null}}},"7":{"name":"EmptyComponent","decl":{"start":{"line":39,"column":8},"end":{"line":39,"column":22}},"loc":{"start":{"line":39,"column":25},"end":{"line":39,"column":null}}},"8":{"name":"keyExtractor","decl":{"start":{"line":55,"column":22},"end":{"line":55,"column":23}},"loc":{"start":{"line":55,"column":22},"end":{"line":55,"column":23}}}},"branchMap":{"0":{"loc":{"start":{"line":21,"column":4},"end":{"line":21,"column":11}},"type":"cond-expr","locations":[{"start":{"line":21,"column":4},"end":{"line":21,"column":11}},{"start":{"line":21,"column":4},"end":{"line":21,"column":11}}]},"1":{"loc":{"start":{"line":21,"column":4},"end":{"line":21,"column":13}},"type":"binary-expr","locations":[{"start":{"line":21,"column":4},"end":{"line":21,"column":13}},{"start":{"line":21,"column":4},"end":{"line":21,"column":13}}]},"2":{"loc":{"start":{"line":46,"column":7},"end":{"line":46,"column":13}},"type":"binary-expr","locations":[{"start":{"line":46,"column":7},"end":{"line":46,"column":13}},{"start":{"line":47,"column":8},"end":{"line":47,"column":9}}]}},"s":{"0":2,"1":2,"2":2,"3":2,"4":2,"5":2,"6":2,"7":2,"8":3,"9":2,"10":2,"11":4,"12":2,"13":2,"14":2,"15":4,"16":2,"17":2,"18":2,"19":2,"20":0,"21":6,"22":4,"23":6,"24":2,"25":2,"26":4,"27":2,"28":2},"f":{"0":3,"1":4,"2":4,"3":2,"4":0,"5":4,"6":4,"7":0,"8":4},"b":{"0":[2,6],"1":[2,2],"2":[2,2]}}
,"/Users/anisderbel/Documents/apcgithubissues/src/screens/WelcomeScreen.tsx": {"path":"/Users/anisderbel/Documents/apcgithubissues/src/screens/WelcomeScreen.tsx","statementMap":{"0":{"start":{"line":1,"column":0},"end":{"line":1,"column":null}},"1":{"start":{"line":2,"column":0},"end":{"line":2,"column":null}},"2":{"start":{"line":3,"column":0},"end":{"line":3,"column":null}},"3":{"start":{"line":4,"column":0},"end":{"line":4,"column":null}},"4":{"start":{"line":5,"column":0},"end":{"line":5,"column":null}},"5":{"start":{"line":13,"column":22},"end":{"line":27,"column":null}},"6":{"start":{"line":13,"column":62},"end":{"line":13,"column":61}},"7":{"start":{"line":14,"column":16},"end":{"line":14,"column":null}},"8":{"start":{"line":16,"column":20},"end":{"line":18,"column":null}},"9":{"start":{"line":17,"column":4},"end":{"line":17,"column":14}},"10":{"start":{"line":19,"column":2},"end":{"line":19,"column":null}},"11":{"start":{"line":28,"column":0},"end":{"line":28,"column":15}}},"fnMap":{"0":{"name":"WelcomeScreen","decl":{"start":{"line":13,"column":6},"end":{"line":13,"column":19}},"loc":{"start":{"line":13,"column":62},"end":{"line":27,"column":null}}},"1":{"name":"onSuccess","decl":{"start":{"line":16,"column":8},"end":{"line":16,"column":17}},"loc":{"start":{"line":16,"column":25},"end":{"line":18,"column":null}}}},"branchMap":{},"s":{"0":1,"1":1,"2":1,"3":1,"4":1,"5":1,"6":1,"7":1,"8":1,"9":0,"10":1,"11":1},"f":{"0":1,"1":0},"b":{}}
,"/Users/anisderbel/Documents/apcgithubissues/src/utils/utils.ts": {"path":"/Users/anisderbel/Documents/apcgithubissues/src/utils/utils.ts","statementMap":{"0":{"start":{"line":1,"column":24},"end":{"line":7,"column":null}},"1":{"start":{"line":2,"column":12},"end":{"line":2,"column":21}},"2":{"start":{"line":3,"column":12},"end":{"line":3,"column":21}},"3":{"start":{"line":4,"column":12},"end":{"line":4,"column":21}},"4":{"start":{"line":5,"column":14},"end":{"line":5,"column":null}},"5":{"start":{"line":6,"column":2},"end":{"line":6,"column":9}},"6":{"start":{"line":1,"column":13},"end":{"line":1,"column":21}}},"fnMap":{"0":{"name":"getColor","decl":{"start":{"line":1,"column":13},"end":{"line":1,"column":21}},"loc":{"start":{"line":1,"column":45},"end":{"line":7,"column":null}}}},"branchMap":{"0":{"loc":{"start":{"line":6,"column":22},"end":{"line":6,"column":32}},"type":"cond-expr","locations":[{"start":{"line":6,"column":22},"end":{"line":6,"column":32}},{"start":{"line":6,"column":32},"end":{"line":6,"column":null}}]}},"s":{"0":4,"1":26,"2":26,"3":26,"4":26,"5":26,"6":4},"f":{"0":26},"b":{"0":[3,23]}}
}
