TN:
SF:App.tsx
FN:11,App
FNF:1
FNH:1
FNDA:1,App
DA:1,1
DA:2,1
DA:3,1
DA:4,1
DA:5,1
DA:6,1
DA:7,1
DA:8,1
DA:9,1
DA:11,2
DA:22,1
LF:11
LH:11
BRF:0
BRH:0
end_of_record
TN:
SF:src/theme.ts
FNF:0
FNH:0
DA:1,6
DA:3,6
DA:4,6
DA:30,6
DA:49,6
DA:55,6
DA:62,6
DA:76,6
DA:91,6
DA:92,6
DA:94,6
LF:11
LH:11
BRDA:94,0,0,0
BRDA:94,0,1,6
BRF:2
BRH:1
end_of_record
TN:
SF:src/validate.ts
FN:3,validate
FNF:1
FNH:1
FNDA:8,validate
DA:3,2
DA:4,8
DA:8,8
DA:9,2
DA:11,8
DA:12,2
DA:14,8
LF:7
LH:7
BRDA:8,0,0,2
BRDA:8,0,1,6
BRDA:8,1,0,8
BRDA:8,1,1,6
BRDA:11,2,0,2
BRDA:11,2,1,6
BRDA:11,3,0,8
BRDA:11,3,1,6
BRF:8
BRH:8
end_of_record
TN:
SF:src/components/CustomDropdownAlert.tsx
FN:7,CustomDropdownAlert
FNF:1
FNH:1
FNDA:1,CustomDropdownAlert
DA:1,3
DA:2,3
DA:3,3
DA:5,3
DA:7,3
DA:8,1
DA:9,1
DA:12,3
LF:8
LH:8
BRF:0
BRH:0
end_of_record
TN:
SF:src/components/Input.tsx
FN:10,Input
FNF:1
FNH:1
FNDA:9,Input
DA:1,2
DA:2,2
DA:10,2
DA:16,9
DA:17,8
DA:19,8
DA:33,2
LF:7
LH:7
BRDA:17,0,0,8
BRDA:17,0,1,0
BRDA:28,1,0,8
BRDA:28,1,1,0
BRDA:28,1,2,0
BRF:5
BRH:2
end_of_record
TN:
SF:src/components/InputForm.tsx
FN:19,InputForm
FN:21,(anonymous_1)
FN:24,onSubmit
FN:28,(anonymous_3)
FNF:4
FNH:3
FNDA:6,InputForm
FNDA:13,(anonymous_1)
FNDA:0,onSubmit
FNDA:4,(anonymous_3)
DA:1,2
DA:2,2
DA:3,2
DA:4,2
DA:5,2
DA:6,2
DA:7,2
DA:9,2
DA:19,5
DA:20,6
DA:21,13
DA:22,5
DA:23,5
DA:24,5
DA:25,0
DA:28,5
DA:29,4
DA:32,5
DA:61,2
DA:66,2
LF:20
LH:19
BRDA:29,0,0,1
BRDA:29,0,1,3
BRDA:29,1,0,4
BRDA:29,1,1,3
BRF:4
BRH:4
end_of_record
TN:
SF:src/components/IssueItem.tsx
FN:15,IssueItem
FN:18,onPressIssue
FNF:2
FNH:1
FNDA:14,IssueItem
FNDA:0,onPressIssue
DA:1,3
DA:2,3
DA:3,3
DA:4,3
DA:5,3
DA:6,3
DA:7,3
DA:8,3
DA:15,14
DA:16,12
DA:18,12
DA:19,0
DA:21,12
DA:41,3
DA:43,3
LF:15
LH:14
BRDA:25,0,0,11
BRDA:25,0,1,1
BRDA:29,1,0,12
BRDA:29,1,1,12
BRDA:29,1,2,11
BRF:5
BRH:5
end_of_record
TN:
SF:src/components/Labels.tsx
FN:7,Labels
FN:12,(anonymous_1)
FNF:2
FNH:2
FNDA:13,Labels
FNDA:24,(anonymous_1)
DA:1,3
DA:2,3
DA:3,3
DA:4,3
DA:7,13
DA:8,11
DA:10,11
DA:13,24
DA:14,24
DA:15,24
DA:34,3
DA:36,3
LF:12
LH:12
BRDA:14,0,0,0
BRDA:14,0,1,24
BRF:2
BRH:1
end_of_record
TN:
SF:src/components/Pagination.tsx
FN:9,Pagination
FN:12,(anonymous_1)
FN:16,onPressNext
FN:19,onPressPrevious
FNF:4
FNH:4
FNDA:10,Pagination
FNDA:19,(anonymous_1)
FNDA:2,onPressNext
FNDA:1,onPressPrevious
DA:1,3
DA:2,3
DA:3,3
DA:4,3
DA:6,3
DA:7,3
DA:9,8
DA:10,10
DA:11,8
DA:12,19
DA:13,8
DA:14,8
DA:16,8
DA:17,2
DA:19,8
DA:20,1
DA:23,8
DA:46,3
DA:48,3
LF:19
LH:19
BRDA:13,0,0,8
BRDA:13,0,1,2
BRDA:14,1,0,8
BRDA:14,1,1,0
BRF:4
BRH:3
end_of_record
TN:
SF:src/components/Title.tsx
FN:5,renderText
FN:11,Title
FNF:2
FNH:2
FNDA:3,renderText
FNDA:17,Title
DA:1,4
DA:2,4
DA:3,4
DA:5,4
DA:6,3
DA:7,3
DA:8,3
DA:11,17
DA:12,14
DA:13,14
DA:32,4
LF:11
LH:11
BRDA:8,0,0,1
BRDA:8,0,1,2
BRDA:8,1,0,3
BRDA:8,1,1,1
BRF:4
BRH:4
end_of_record
TN:
SF:src/redux/appReducer.ts
FNF:0
FNH:0
DA:1,1
DA:2,1
DA:4,1
DA:11,1
DA:16,1
LF:5
LH:5
BRF:0
BRH:0
end_of_record
TN:
SF:src/redux/axios.ts
FN:5,createAxiosInstance
FN:9,validateStatus
FNF:2
FNH:1
FNDA:5,createAxiosInstance
FNDA:0,validateStatus
DA:1,3
DA:2,3
DA:3,3
DA:5,8
DA:9,0
DA:15,3
LF:6
LH:5
BRDA:9,0,0,0
BRDA:9,0,1,0
BRF:2
BRH:0
end_of_record
TN:
SF:src/redux/sagas.ts
FN:5,wrapForErrorHandling
FN:5,wrapForErrorHandling$
FN:13,rootSaga
FN:13,rootSaga$
FN:14,(anonymous_4)
FNF:5
FNH:5
FNDA:1,wrapForErrorHandling
FNDA:1,wrapForErrorHandling$
FNDA:1,rootSaga
FNDA:2,rootSaga$
FNDA:1,(anonymous_4)
DA:1,1
DA:2,1
DA:3,1
DA:5,5
DA:7,1
DA:9,0
DA:13,7
DA:14,1
DA:17,1
LF:9
LH:8
BRDA:5,0,0,1
BRDA:5,0,1,0
BRDA:5,0,2,0
BRDA:5,0,3,0
BRDA:5,0,4,0
BRDA:13,1,0,1
BRDA:13,1,1,1
BRDA:13,1,2,1
BRF:8
BRH:4
end_of_record
TN:
SF:src/redux/store.ts
FNF:0
FNH:0
DA:1,1
DA:2,1
DA:3,1
DA:4,1
DA:5,1
DA:6,1
DA:8,1
DA:9,1
DA:11,1
DA:12,1
DA:15,1
DA:16,1
DA:18,1
LF:13
LH:13
BRDA:9,0,0,1
BRDA:9,0,1,0
BRF:2
BRH:1
end_of_record
TN:
SF:src/redux/interceptors/interceptors.ts
FN:4,errorInterceptor
FN:4,errorInterceptor$
FN:12,interceptors
FN:13,(anonymous_3)
FN:18,showErrorAlert
FNF:5
FNH:4
FNDA:2,errorInterceptor
FNDA:4,errorInterceptor$
FNDA:5,interceptors
FNDA:0,(anonymous_3)
FNDA:2,showErrorAlert
DA:2,3
DA:4,17
DA:5,2
DA:6,1
DA:7,1
DA:12,3
DA:13,5
DA:15,5
DA:18,3
DA:19,2
DA:21,2
DA:22,2
DA:25,0
LF:13
LH:12
BRDA:4,0,0,2
BRDA:4,0,1,0
BRDA:4,0,2,2
BRDA:5,1,0,1
BRDA:5,1,1,1
BRDA:5,2,0,0
BRDA:5,2,1,2
BRDA:5,3,0,2
BRDA:5,3,1,2
BRDA:21,4,0,2
BRDA:21,4,1,0
BRF:11
BRH:8
end_of_record
TN:
SF:src/redux/repo/actions.ts
FN:4,(anonymous_0)
FN:39,getRepoIssues
FN:43,getRepoIssuesSuccess
FN:47,setCurrentPage
FN:51,getRepoIssuesFailed
FNF:5
FNH:5
FNDA:5,(anonymous_0)
FNDA:5,getRepoIssues
FNDA:2,getRepoIssuesSuccess
FNDA:2,setCurrentPage
FNDA:2,getRepoIssuesFailed
DA:4,5
DA:5,5
DA:6,5
DA:7,5
DA:8,5
DA:38,5
DA:39,5
DA:43,2
DA:47,2
DA:51,2
LF:10
LH:10
BRDA:4,0,0,5
BRDA:4,0,1,5
BRF:2
BRH:2
end_of_record
TN:
SF:src/redux/repo/reducer.ts
FN:40,formReducer
FNF:1
FNH:1
FNDA:19,formReducer
DA:2,5
DA:32,5
DA:40,5
DA:43,19
DA:44,19
DA:46,2
DA:54,1
DA:67,1
DA:76,0
DA:83,15
DA:87,5
LF:11
LH:10
BRDA:43,0,0,8
BRDA:43,0,1,11
BRDA:43,1,0,38
BRDA:43,1,1,19
BRDA:45,2,0,2
BRDA:45,2,1,1
BRDA:45,2,2,1
BRDA:45,2,3,0
BRDA:45,2,4,15
BRDA:49,3,0,0
BRDA:49,3,1,2
BRF:11
BRH:9
end_of_record
TN:
SF:src/redux/repo/saga.ts
FN:9,getRepoIssues
FN:9,getRepoIssues$
FN:14,(anonymous_2)
FN:15,(anonymous_3)
FN:43,repoSaga
FN:43,repoSaga$
FNF:6
FNH:6
FNDA:2,getRepoIssues
FNDA:10,getRepoIssues$
FNDA:2,(anonymous_2)
FNDA:2,(anonymous_3)
FNDA:5,repoSaga
FNDA:10,repoSaga$
DA:1,2
DA:3,2
DA:4,2
DA:7,2
DA:9,46
DA:11,2
DA:13,2
DA:14,2
DA:15,2
DA:18,1
DA:26,1
DA:30,1
DA:31,1
DA:39,0
DA:43,35
DA:44,5
DA:47,2
LF:17
LH:16
BRDA:9,0,0,2
BRDA:9,0,1,2
BRDA:9,0,2,2
BRDA:9,0,3,1
BRDA:9,0,4,1
BRDA:9,0,5,1
BRDA:9,0,6,1
BRDA:9,0,7,0
BRDA:9,0,8,1
BRDA:9,0,9,2
BRDA:9,1,0,1
BRDA:9,1,1,1
BRDA:21,2,0,0
BRDA:21,2,1,1
BRDA:21,3,0,1
BRDA:21,3,1,1
BRDA:35,4,0,0
BRDA:35,4,1,1
BRDA:35,5,0,1
BRDA:35,5,1,1
BRDA:43,6,0,5
BRDA:43,6,1,5
BRDA:43,6,2,5
BRF:23
BRH:20
end_of_record
TN:
SF:src/redux/repo/selectors.ts
FN:6,repo
FN:10,(anonymous_1)
FNF:2
FNH:2
FNDA:2,repo
FNDA:1,(anonymous_1)
DA:1,2
DA:6,4
DA:8,2
DA:10,1
LF:4
LH:4
BRF:0
BRH:0
end_of_record
TN:
SF:src/routes/index.ts
FN:6,(anonymous_0)
FNF:1
FNH:1
FNDA:1,(anonymous_0)
DA:6,1
DA:7,1
DA:8,1
LF:3
LH:3
BRDA:6,0,0,1
BRDA:6,0,1,1
BRF:2
BRH:2
end_of_record
TN:
SF:src/routes/routes.tsx
FN:9,Routes
FNF:1
FNH:1
FNDA:1,Routes
DA:1,1
DA:2,1
DA:3,1
DA:4,1
DA:5,1
DA:7,1
DA:9,2
DA:18,1
LF:8
LH:8
BRF:0
BRH:0
end_of_record
TN:
SF:src/screens/GithubIssuesScreen.tsx
FN:11,GithubIssuesScreen
FN:14,(anonymous_1)
FN:18,(anonymous_2)
FN:20,(anonymous_3)
FN:24,onPress
FN:28,renderItem
FN:30,ItemSeparatorComponent
FN:39,EmptyComponent
FN:55,keyExtractor
FNF:9
FNH:7
FNDA:3,GithubIssuesScreen
FNDA:4,(anonymous_1)
FNDA:4,(anonymous_2)
FNDA:2,(anonymous_3)
FNDA:0,onPress
FNDA:4,renderItem
FNDA:4,ItemSeparatorComponent
FNDA:0,EmptyComponent
FNDA:4,keyExtractor
DA:1,2
DA:2,2
DA:3,2
DA:4,2
DA:7,2
DA:8,2
DA:9,2
DA:11,2
DA:12,3
DA:13,2
DA:14,4
DA:15,2
DA:18,4
DA:20,2
DA:21,2
DA:24,2
DA:25,0
DA:28,6
DA:30,6
DA:39,2
DA:44,2
DA:55,4
DA:67,2
DA:69,2
LF:24
LH:23
BRDA:21,0,0,2
BRDA:21,0,1,6
BRDA:21,1,0,2
BRDA:21,1,1,2
BRDA:46,2,0,2
BRDA:46,2,1,2
BRF:6
BRH:6
end_of_record
TN:
SF:src/screens/WelcomeScreen.tsx
FN:13,WelcomeScreen
FN:16,onSuccess
FNF:2
FNH:1
FNDA:1,WelcomeScreen
FNDA:0,onSuccess
DA:1,1
DA:2,1
DA:3,1
DA:4,1
DA:5,1
DA:13,1
DA:14,1
DA:16,1
DA:17,0
DA:19,1
DA:28,1
LF:11
LH:10
BRF:0
BRH:0
end_of_record
TN:
SF:src/utils/utils.ts
FN:1,getColor
FNF:1
FNH:1
FNDA:26,getColor
DA:1,4
DA:2,26
DA:3,26
DA:4,26
DA:5,26
DA:6,26
LF:6
LH:6
BRDA:6,0,0,3
BRDA:6,0,1,23
BRF:2
BRH:2
end_of_record
